[debug] > Exec(run, None, None)
[debug] Evaluating tasks: Compile / run
[debug] Running task... Cancel: Signal, check cycles: false, forcegc: true
[warn] Canceling execution...
[warn] Canceling execution...
[debug] Forcing garbage collection...
[debug] Forcing garbage collection...
[warn] Canceling execution...
[warn] Canceling execution...
[warn] In the last 3046 seconds, 16.586 (0,5%) were spent in GC. [Heap: 0,19GB free of 0,27GB, max 1,50GB] Consider increasing the JVM heap using `-Xmx` or try a different collector, e.g. `-XX:+UseG1GC`, for better performance.
[error] Cancelled: run
[error] Cancelled: run
[error] Use 'last' for the full log.
[debug] > Exec(idea-shell, None, None)
[warn] build source files have changed
[warn] deleted files: 
[warn]   C:\url\url\project\plugins.sbt
[warn]   C:\url\url\build.sbt
[warn] Apply these changes by running `reload`.
[warn] Automatically reload the build when source changes are detected by setting `Global / onChangedBuildSource := ReloadOnSourceChanges`.
[warn] Disable this warning by setting `Global / onChangedBuildSource := IgnoreSourceChanges`.
